<?xml version="1.0" encoding="UTF-8"?>
<testng-results skipped="0" failed="0" ignored="0" total="1" passed="1">
  <reporter-output>
    <line>
      <![CDATA[Website launched]]>
    </line>
    <line>
      <![CDATA[Maximize window]]>
    </line>
    <line>
      <![CDATA[SIgn in]]>
    </line>
    <line>
      <![CDATA[Enter login password]]>
    </line>
  </reporter-output>
  <suite name="Suite" duration-ms="12584" started-at="2021-11-12T21:31:14Z" finished-at="2021-11-12T21:31:27Z">
    <groups>
    </groups>
    <test name="Test" duration-ms="12584" started-at="2021-11-12T21:31:14Z" finished-at="2021-11-12T21:31:27Z">
      <class name="testcases.Testcase3">
        <test-method status="PASS" signature="varifyLogin()[pri:0, instance:testcases.Testcase3@701fc37a]" name="varifyLogin" duration-ms="12558" started-at="2021-11-12T21:31:14Z" finished-at="2021-11-12T21:31:27Z">
          <reporter-output>
            <line>
              <![CDATA[Website launched]]>
            </line>
            <line>
              <![CDATA[Maximize window]]>
            </line>
            <line>
              <![CDATA[SIgn in]]>
            </line>
            <line>
              <![CDATA[Enter login password]]>
            </line>
          </reporter-output>
        </test-method> <!-- varifyLogin -->
      </class> <!-- testcases.Testcase3 -->
    </test> <!-- Test -->
  </suite> <!-- Suite -->
</testng-results>
