<?xml version="1.0" encoding="UTF-8"?>
<testng-results ignored="0" total="1" passed="1" failed="0" skipped="0">
  <reporter-output>
    <line>
      <![CDATA[Website launched]]>
    </line>
    <line>
      <![CDATA[Maximize window]]>
    </line>
    <line>
      <![CDATA[SIgn in]]>
    </line>
    <line>
      <![CDATA[Enter login password]]>
    </line>
  </reporter-output>
  <suite started-at="2021-11-12T04:26:20Z" name="Default suite" finished-at="2021-11-12T04:26:29Z" duration-ms="9427">
    <groups>
    </groups>
    <test started-at="2021-11-12T04:26:20Z" name="Default test" finished-at="2021-11-12T04:26:29Z" duration-ms="9427">
      <class name="testcases.Testcase3">
        <test-method signature="varifyLogin()[pri:0, instance:testcases.Testcase3@7cbd9d24]" started-at="2021-11-12T04:26:20Z" name="varifyLogin" finished-at="2021-11-12T04:26:29Z" duration-ms="9405" status="PASS">
          <reporter-output>
            <line>
              <![CDATA[Website launched]]>
            </line>
            <line>
              <![CDATA[Maximize window]]>
            </line>
            <line>
              <![CDATA[SIgn in]]>
            </line>
            <line>
              <![CDATA[Enter login password]]>
            </line>
          </reporter-output>
        </test-method> <!-- varifyLogin -->
      </class> <!-- testcases.Testcase3 -->
    </test> <!-- Default test -->
  </suite> <!-- Default suite -->
</testng-results>
